<?xml version="1.0" encoding="UTF-8"?>
<testng-results skipped="0" failed="0" total="2" passed="2">
  <reporter-output>
  </reporter-output>
  <suite name="Suite" duration-ms="188762" started-at="2016-11-24T06:05:13Z" finished-at="2016-11-24T06:08:22Z">
    <groups>
    </groups>
    <test name="Test" duration-ms="188762" started-at="2016-11-24T06:05:13Z" finished-at="2016-11-24T06:08:22Z">
      <class name="Login">
        <test-method status="PASS" signature="AppLaunch()[pri:0, instance:Login@3674f334]" name="AppLaunch" is-config="true" duration-ms="47698" started-at="2016-11-24T11:35:13Z" finished-at="2016-11-24T11:36:01Z">
          <reporter-output>
          </reporter-output>
        </test-method> <!-- AppLaunch -->
        <test-method status="PASS" signature="Login()[pri:0, instance:Login@3674f334]" name="Login" duration-ms="91264" started-at="2016-11-24T11:36:01Z" finished-at="2016-11-24T11:37:32Z">
          <reporter-output>
          </reporter-output>
        </test-method> <!-- Login -->
        <test-method status="PASS" signature="Registration()[pri:1, instance:Login@3674f334]" name="Registration" duration-ms="49077" started-at="2016-11-24T11:37:32Z" finished-at="2016-11-24T11:38:21Z">
          <reporter-output>
          </reporter-output>
        </test-method> <!-- Registration -->
        <test-method status="PASS" signature="close()[pri:0, instance:Login@3674f334]" name="close" is-config="true" duration-ms="711" started-at="2016-11-24T11:38:21Z" finished-at="2016-11-24T11:38:22Z">
          <reporter-output>
          </reporter-output>
        </test-method> <!-- close -->
      </class> <!-- Login -->
    </test> <!-- Test -->
  </suite> <!-- Suite -->
</testng-results>
